<?xml version="1.0" encoding="UTF-8"?>
<!-- Generated by org.testng.reporters.JUnitXMLReporter -->
<testsuite hostname="HP-PC" ignored="0" tests="1" failures="1" timestamp="24 Mar 2018 17:25:06 GMT" time="171.472" errors="0">
  <testcase name="test" time="171.239" classname="Selenium">
    <failure type="java.lang.AssertionError" message="expected [false] but found [true]">
      <![CDATA[java.lang.AssertionError: expected [false] but found [true]
at Selenium.test(Selenium.java:35)
... Removed 28 stack frames]]>
    </failure>
  </testcase> <!-- test -->
</testsuite>
